[1/9] Building C object esp-idf/main/CMakeFiles/__idf_main.dir/test_freertos_main.c.obj
FAILED: esp-idf/main/CMakeFiles/__idf_main.dir/test_freertos_main.c.obj 
/home/austin/.espressif/tools/xtensa-esp32-elf/esp-2022r1-11.2.0/xtensa-esp32-elf/bin/xtensa-esp32-elf-gcc -DESP_PLATFORM -DIDF_VER=\"v5.1-dev-1783-g769ec42899\" -DUNITY_INCLUDE_CONFIG_H -D_GNU_SOURCE -D_POSIX_READER_WRITER_LOCKS -I/home/austin/esp/freertos_test/build/config -I/home/austin/esp/esp-idf/components/newlib/platform_include -I/home/austin/esp/esp-idf/components/freertos/FreeRTOS-Kernel/include -I/home/austin/esp/esp-idf/components/freertos/FreeRTOS-Kernel/portable/xtensa/include -I/home/austin/esp/esp-idf/components/freertos/esp_additions/include/freertos -I/home/austin/esp/esp-idf/components/freertos/esp_additions/include -I/home/austin/esp/esp-idf/components/esp_hw_support/include -I/home/austin/esp/esp-idf/components/esp_hw_support/include/soc -I/home/austin/esp/esp-idf/components/esp_hw_support/include/soc/esp32 -I/home/austin/esp/esp-idf/components/esp_hw_support/port/esp32/. -I/home/austin/esp/esp-idf/components/esp_hw_support/port/esp32/private_include -I/home/austin/esp/esp-idf/components/heap/include -I/home/austin/esp/esp-idf/components/log/include -I/home/austin/esp/esp-idf/components/soc/include -I/home/austin/esp/esp-idf/components/soc/esp32/. -I/home/austin/esp/esp-idf/components/soc/esp32/include -I/home/austin/esp/esp-idf/components/hal/esp32/include -I/home/austin/esp/esp-idf/components/hal/include -I/home/austin/esp/esp-idf/components/hal/platform_port/include -I/home/austin/esp/esp-idf/components/esp_rom/include -I/home/austin/esp/esp-idf/components/esp_rom/include/esp32 -I/home/austin/esp/esp-idf/components/esp_rom/esp32 -I/home/austin/esp/esp-idf/components/esp_common/include -I/home/austin/esp/esp-idf/components/esp_system/include -I/home/austin/esp/esp-idf/components/esp_system/port/soc -I/home/austin/esp/esp-idf/components/esp_system/port/include/private -I/home/austin/esp/esp-idf/components/xtensa/include -I/home/austin/esp/esp-idf/components/xtensa/esp32/include -I/home/austin/esp/esp-idf/components/lwip/include -I/home/austin/esp/esp-idf/components/lwip/include/apps -I/home/austin/esp/esp-idf/components/lwip/include/apps/sntp -I/home/austin/esp/esp-idf/components/lwip/lwip/src/include -I/home/austin/esp/esp-idf/components/lwip/port/esp32/include -I/home/austin/esp/esp-idf/components/lwip/port/esp32/include/arch -I/home/austin/esp/esp-idf/components/unity/include -I/home/austin/esp/esp-idf/components/unity/unity/src -I/home/austin/esp/esp-idf/tools/unit-test-app/components/test_utils/include -I/home/austin/esp/esp-idf/components/esp_partition/include -I/home/austin/esp/esp-idf/components/idf_test/include -I/home/austin/esp/esp-idf/components/idf_test/include/esp32 -I/home/austin/esp/esp-idf/components/cmock/CMock/src -I/home/austin/esp/esp-idf/components/driver/include -I/home/austin/esp/esp-idf/components/driver/deprecated -I/home/austin/esp/esp-idf/components/driver/esp32/include -I/home/austin/esp/esp-idf/components/esp_pm/include -I/home/austin/esp/esp-idf/components/esp_ringbuf/include -mlongcalls -Wno-frame-address  -ffunction-sections -fdata-sections -Wall -Werror=all -Wno-error=unused-function -Wno-error=unused-variable -Wno-error=deprecated-declarations -Wextra -Wno-unused-parameter -Wno-sign-compare -Wno-enum-conversion -gdwarf-4 -ggdb -Og -fmacro-prefix-map=/home/austin/esp/freertos_test=. -fmacro-prefix-map=/home/austin/esp/esp-idf=/IDF -fstrict-volatile-bitfields -Wno-error=unused-but-set-variable -fno-jump-tables -fno-tree-switch-conversion -DconfigENABLE_FREERTOS_DEBUG_OCDAWARE=1 -std=gnu17 -Wno-old-style-declaration -MD -MT esp-idf/main/CMakeFiles/__idf_main.dir/test_freertos_main.c.obj -MF esp-idf/main/CMakeFiles/__idf_main.dir/test_freertos_main.c.obj.d -o esp-idf/main/CMakeFiles/__idf_main.dir/test_freertos_main.c.obj -c /home/austin/esp/freertos_test/main/test_freertos_main.c
/home/austin/esp/freertos_test/main/test_freertos_main.c:6:10: fatal error: portmacro.h: No such file or directory
    6 | #include "portmacro.h"
      |          ^~~~~~~~~~~~~
compilation terminated.
[2/9] Performing build step for 'bootloader'
[1/1] cd /home/austin/esp/freertos_test/build/bootloader/esp-idf/esptool_py && /home/austin/.espressif/python_env/idf5.1_py3.10_env/bin/python /home/austin/esp/esp-idf/components/partition_table/check_sizes.py --offset 0x8000 bootloader 0x1000 /home/austin/esp/freertos_test/build/bootloader/bootloader.bin
Bootloader binary size 0x6720 bytes. 0x8e0 bytes (8%) free.
ninja: build stopped: subcommand failed.
